<?xml version="1.0" encoding="UTF-8"?>
<!-- Generated by org.testng.reporters.JUnitReportReporter -->
<testsuite hostname="DESKTOP-PVEBEQ1" failures="0" tests="1" name="com.ds.testLayer.LoginPageTest" time="120.384" errors="0" timestamp="2022-11-29T22:31:05 IST" skipped="0">
  <testcase classname="com.ds.testLayer.LoginPageTest" name="verifyLoginTest" time="120.384"/>
  <system-out/>
</testsuite> <!-- com.ds.testLayer.LoginPageTest -->
